<?xml version="1.0" encoding="UTF-8"?>
<Site BuildName="Linux-g++"
	BuildStamp="20231006-1523-Experimental"
	Name="archlinux"
	Generator="ctest-3.27.6"
	CompilerName="/usr/bin/g++"
	CompilerVersion=""
	OSName="Linux"
	Hostname="archlinux"
	OSRelease="6.5.5-arch1-1"
	OSVersion="#1 SMP PREEMPT_DYNAMIC Sat, 23 Sep 2023 22:55:13 +0000"
	OSPlatform="x86_64"
	Is64Bits="1"
	VendorString="AuthenticAMD"
	VendorID="Advanced Micro Devices"
	FamilyID="23"
	ModelID="113"
	ProcessorCacheSize="512"
	NumberOfLogicalCPU="12"
	NumberOfPhysicalCPU="6"
	TotalVirtualMemory="4095"
	TotalPhysicalMemory="15940"
	LogicalProcessorsPerPhysical="2"
	ProcessorClockFrequency="4049.5"
	>
	<Testing>
		<StartDateTime>Oct 06 18:23 MSK</StartDateTime>
		<StartTestTime>1696605828</StartTestTime>
		<TestList/>
		<EndDateTime>Oct 06 18:23 MSK</EndDateTime>
		<EndTestTime>1696605828</EndTestTime>
		<ElapsedMinutes>0</ElapsedMinutes>
	</Testing>
</Site>
